2026-04-10 18:00:17,984 - public static Logger logger -INFO - Welcome to coverFox Testing
2026-04-10 18:00:22,670 - public static Logger logger -WARN - Launching Browser
2026-04-10 18:00:22,704 - public static Logger logger -INFO - getLogger
2026-04-10 18:00:23,410 - public static Logger logger -INFO - clickongender
2026-04-10 18:00:24,000 - public static Logger logger -INFO - clickonNextButtonHealthPages
2026-04-10 18:00:25,983 - public static Logger logger -INFO - handleAgeDropDown
2026-04-10 18:00:26,042 - public static Logger logger -INFO - clickonextButtonofmembersdetailspages
2026-04-10 18:00:26,477 - public static Logger logger -INFO - enterpincode
2026-04-10 18:00:27,095 - public static Logger logger -INFO - entermobilenumber
2026-04-10 18:00:27,389 - public static Logger logger -INFO - clickoncontinuebutton
2026-04-10 18:00:39,608 - public static Logger logger -INFO - validate coverFoxPlanes
2026-04-10 18:00:39,854 - public static Logger logger -INFO - Browser Close
2026-04-10 18:06:58,114 - 23NOV24_coverFOX -INFO - Welcome to coverFox Testing
2026-04-10 18:07:01,090 - 23NOV24_coverFOX -WARN - Launching Browser
2026-04-10 18:07:01,165 - 23NOV24_coverFOX -INFO - getLogger
2026-04-10 18:07:01,830 - 23NOV24_coverFOX -INFO - clickongender
2026-04-10 18:07:02,439 - 23NOV24_coverFOX -INFO - clickonNextButtonHealthPages
2026-04-10 18:07:04,522 - 23NOV24_coverFOX -INFO - handleAgeDropDown
2026-04-10 18:07:04,738 - 23NOV24_coverFOX -INFO - clickonextButtonofmembersdetailspages
2026-04-10 18:07:05,489 - 23NOV24_coverFOX -INFO - enterpincode
2026-04-10 18:07:05,813 - 23NOV24_coverFOX -INFO - entermobilenumber
2026-04-10 18:07:06,091 - 23NOV24_coverFOX -INFO - clickoncontinuebutton
2026-04-10 18:07:18,320 - 23NOV24_coverFOX -INFO - validate coverFoxPlanes
2026-04-10 18:07:18,631 - 23NOV24_coverFOX -INFO - Browser Close
2026-04-14 17:47:28,562 - 23NOV24_coverFOX -INFO - Welcome to coverFox Testing
2026-04-14 17:47:34,601 - 23NOV24_coverFOX -WARN - Launching Browser
2026-04-14 17:47:34,719 - 23NOV24_coverFOX -INFO - getLogger
2026-04-14 17:47:36,124 - 23NOV24_coverFOX -INFO - clickongender
2026-04-14 17:47:36,770 - 23NOV24_coverFOX -INFO - clickonNextButtonHealthPages
2026-04-14 17:47:39,498 - 23NOV24_coverFOX -INFO - handleAgeDropDown
2026-04-14 17:47:39,666 - 23NOV24_coverFOX -INFO - clickonextButtonofmembersdetailspages
2026-04-14 17:47:40,290 - 23NOV24_coverFOX -INFO - enterpincode
2026-04-14 17:47:40,553 - 23NOV24_coverFOX -INFO - entermobilenumber
2026-04-14 17:47:40,709 - 23NOV24_coverFOX -INFO - clickoncontinuebutton
2026-04-14 17:47:52,877 - 23NOV24_coverFOX -INFO - validate coverFoxPlanes
2026-04-14 17:47:53,306 - 23NOV24_coverFOX -INFO - Browser Close
2026-04-15 00:49:47,949 - 23NOV24_coverFOX -INFO - Welcome to coverFox Testing
2026-04-15 00:49:52,927 - 23NOV24_coverFOX -WARN - Launching Browser
2026-04-15 00:49:52,983 - 23NOV24_coverFOX -INFO - getLogger
2026-04-15 00:49:53,955 - 23NOV24_coverFOX -INFO - clickongender
2026-04-15 00:49:54,839 - 23NOV24_coverFOX -INFO - clickonNextButtonHealthPages
2026-04-15 00:49:58,175 - 23NOV24_coverFOX -INFO - handleAgeDropDown
2026-04-15 00:49:58,374 - 23NOV24_coverFOX -INFO - clickonextButtonofmembersdetailspages
2026-04-15 00:49:58,979 - 23NOV24_coverFOX -INFO - enterpincode
2026-04-15 00:49:59,237 - 23NOV24_coverFOX -INFO - entermobilenumber
2026-04-15 00:49:59,595 - 23NOV24_coverFOX -INFO - clickoncontinuebutton
2026-04-15 00:50:12,559 - 23NOV24_coverFOX -INFO - validate coverFoxPlanes
2026-04-15 00:50:12,917 - 23NOV24_coverFOX -INFO - Browser Close
2026-04-15 01:13:23,329 - 23NOV24_coverFOX -INFO - Welcome to coverFox Testing
2026-04-15 01:13:27,706 - 23NOV24_coverFOX -WARN - Launching Browser
2026-04-15 01:13:27,775 - 23NOV24_coverFOX -INFO - getLogger
2026-04-15 01:13:28,736 - 23NOV24_coverFOX -INFO - clickongender
2026-04-15 01:13:29,399 - 23NOV24_coverFOX -INFO - clickonNextButtonHealthPages
2026-04-15 01:13:31,819 - 23NOV24_coverFOX -INFO - handleAgeDropDown
2026-04-15 01:13:31,953 - 23NOV24_coverFOX -INFO - clickonextButtonofmembersdetailspages
2026-04-15 01:13:32,490 - 23NOV24_coverFOX -INFO - enterpincode
2026-04-15 01:13:32,804 - 23NOV24_coverFOX -INFO - entermobilenumber
2026-04-15 01:13:33,012 - 23NOV24_coverFOX -INFO - clickoncontinuebutton
2026-04-15 01:13:45,393 - 23NOV24_coverFOX -INFO - validate coverFoxPlanes
2026-04-15 01:13:45,719 - 23NOV24_coverFOX -INFO - Browser Close
2026-04-15 01:14:32,393 - 23NOV24_coverFOX -INFO - Welcome to coverFox Testing
2026-04-15 01:14:36,140 - 23NOV24_coverFOX -WARN - Launching Browser
2026-04-15 01:14:36,243 - 23NOV24_coverFOX -INFO - getLogger
2026-04-15 01:14:37,664 - 23NOV24_coverFOX -INFO - clickongender
2026-04-15 01:14:37,853 - 23NOV24_coverFOX -INFO - clickonNextButtonHealthPages
2026-04-15 01:14:39,889 - 23NOV24_coverFOX -INFO - handleAgeDropDown
2026-04-15 01:14:40,118 - 23NOV24_coverFOX -INFO - clickonextButtonofmembersdetailspages
2026-04-15 01:15:40,182 - 23NOV24_coverFOX -INFO - Welcome to coverFox Testing
2026-04-15 01:15:44,061 - 23NOV24_coverFOX -WARN - Launching Browser
2026-04-15 01:15:44,172 - 23NOV24_coverFOX -INFO - getLogger
2026-04-15 01:15:45,119 - 23NOV24_coverFOX -INFO - clickongender
2026-04-15 01:15:45,787 - 23NOV24_coverFOX -INFO - clickonNextButtonHealthPages
2026-04-15 01:15:47,932 - 23NOV24_coverFOX -INFO - handleAgeDropDown
2026-04-15 01:15:48,117 - 23NOV24_coverFOX -INFO - clickonextButtonofmembersdetailspages
2026-04-15 01:15:48,744 - 23NOV24_coverFOX -INFO - enterpincode
2026-04-15 01:15:48,983 - 23NOV24_coverFOX -INFO - entermobilenumber
2026-04-15 01:15:49,124 - 23NOV24_coverFOX -INFO - clickoncontinuebutton
2026-04-15 01:16:01,296 - 23NOV24_coverFOX -INFO - validate coverFoxPlanes
2026-04-15 01:16:01,670 - 23NOV24_coverFOX -INFO - Browser Close
2026-04-17 00:27:57,128 - 23NOV24_coverFOX -INFO - Welcome to coverFox Testing
2026-04-17 00:28:07,618 - 23NOV24_coverFOX -WARN - Launching Browser
2026-04-17 00:28:07,710 - 23NOV24_coverFOX -INFO - getLogger
2026-04-17 00:28:08,983 - 23NOV24_coverFOX -INFO - clickongender
2026-04-17 00:28:09,801 - 23NOV24_coverFOX -INFO - clickonNextButtonHealthPages
2026-04-17 00:28:11,578 - 23NOV24_coverFOX -INFO - handleAgeDropDown
2026-04-17 00:28:11,828 - 23NOV24_coverFOX -INFO - clickonextButtonofmembersdetailspages
2026-04-17 00:28:12,550 - 23NOV24_coverFOX -INFO - enterpincode
2026-04-17 00:28:12,826 - 23NOV24_coverFOX -INFO - entermobilenumber
2026-04-17 00:28:13,107 - 23NOV24_coverFOX -INFO - clickoncontinuebutton
2026-04-17 00:28:25,718 - 23NOV24_coverFOX -INFO - validate coverFoxPlanes
2026-04-17 00:28:25,998 - 23NOV24_coverFOX -INFO - Browser Close
2026-04-17 00:30:00,256 - 23NOV24_coverFOX -INFO - Welcome to coverFox Testing
2026-04-17 00:30:03,481 - 23NOV24_coverFOX -WARN - Launching Browser
2026-04-17 00:30:03,582 - 23NOV24_coverFOX -INFO - getLogger
2026-04-17 00:30:04,978 - 23NOV24_coverFOX -INFO - clickongender
2026-04-17 00:30:05,633 - 23NOV24_coverFOX -INFO - clickonNextButtonHealthPages
2026-04-17 00:30:07,915 - 23NOV24_coverFOX -INFO - handleAgeDropDown
2026-04-17 00:30:08,127 - 23NOV24_coverFOX -INFO - clickonextButtonofmembersdetailspages
2026-04-17 00:30:08,701 - 23NOV24_coverFOX -INFO - enterpincode
2026-04-17 00:30:08,989 - 23NOV24_coverFOX -INFO - entermobilenumber
2026-04-17 00:30:09,182 - 23NOV24_coverFOX -INFO - clickoncontinuebutton
2026-04-17 00:30:21,316 - 23NOV24_coverFOX -INFO - validate coverFoxPlanes
2026-04-17 00:30:21,545 - 23NOV24_coverFOX -INFO - Browser Close
2026-04-17 00:30:48,149 - 23NOV24_coverFOX -INFO - Welcome to coverFox Testing
2026-04-17 00:30:51,311 - 23NOV24_coverFOX -WARN - Launching Browser
2026-04-17 00:30:51,404 - 23NOV24_coverFOX -INFO - getLogger
2026-04-17 00:30:53,292 - 23NOV24_coverFOX -INFO - clickongender
2026-04-17 00:30:53,941 - 23NOV24_coverFOX -INFO - clickonNextButtonHealthPages
2026-04-17 00:30:55,234 - 23NOV24_coverFOX -INFO - handleAgeDropDown
2026-04-17 00:30:55,408 - 23NOV24_coverFOX -INFO - clickonextButtonofmembersdetailspages
2026-04-17 00:30:56,015 - 23NOV24_coverFOX -INFO - enterpincode
2026-04-17 00:30:56,267 - 23NOV24_coverFOX -INFO - entermobilenumber
2026-04-17 00:30:56,488 - 23NOV24_coverFOX -INFO - clickoncontinuebutton
2026-04-17 00:31:09,531 - 23NOV24_coverFOX -INFO - validate coverFoxPlanes
2026-04-17 00:31:09,796 - 23NOV24_coverFOX -INFO - Browser Close
